lib/portaudio/aclocal.m4
lib/portaudio/bindings/cpp/include/portaudiocpp/StreamParameters.hxx
lib/portaudio/bindings/cpp/include/portaudiocpp/PortAudioCpp.hxx
lib/portaudio/bindings/cpp/include/portaudiocpp/AutoSystem.hxx
lib/portaudio/bindings/cpp/include/portaudiocpp/AsioDeviceAdapter.hxx
lib/portaudio/bindings/cpp/include/portaudiocpp/CallbackInterface.hxx
lib/portaudio/bindings/cpp/include/portaudiocpp/SystemHostApiIterator.hxx
lib/portaudio/bindings/cpp/include/portaudiocpp/SystemDeviceIterator.hxx
lib/portaudio/bindings/cpp/include/portaudiocpp/MemFunCallbackStream.hxx
lib/portaudio/bindings/cpp/include/portaudiocpp/SampleDataFormat.hxx
lib/portaudio/bindings/cpp/include/portaudiocpp/CppFunCallbackStream.hxx
lib/portaudio/bindings/cpp/include/portaudiocpp/CFunCallbackStream.hxx
lib/portaudio/bindings/cpp/include/portaudiocpp/System.hxx
lib/portaudio/bindings/cpp/include/portaudiocpp/Exception.hxx
lib/portaudio/bindings/cpp/include/portaudiocpp/Stream.hxx
lib/portaudio/bindings/cpp/include/portaudiocpp/DirectionSpecificStreamParameters.hxx
lib/portaudio/bindings/cpp/include/portaudiocpp/InterfaceCallbackStream.hxx
lib/portaudio/bindings/cpp/include/portaudiocpp/Device.hxx
lib/portaudio/bindings/cpp/include/portaudiocpp/HostApi.hxx
lib/portaudio/bindings/cpp/include/portaudiocpp/BlockingStream.hxx
lib/portaudio/bindings/cpp/include/portaudiocpp/CallbackStream.hxx
lib/portaudio/bindings/cpp/include/Makefile.in
lib/portaudio/bindings/cpp/include/Makefile.am
lib/portaudio/bindings/cpp/AUTHORS
lib/portaudio/bindings/cpp/portaudiocpp.pc.in
lib/portaudio/bindings/cpp/configure
lib/portaudio/bindings/cpp/Makefile.in
lib/portaudio/bindings/cpp/example/sine.cxx
lib/portaudio/bindings/cpp/example/devs.cxx
lib/portaudio/bindings/cpp/SConscript
lib/portaudio/bindings/cpp/ChangeLog
lib/portaudio/bindings/cpp/build/vc7/OUT_OF_DATE
lib/portaudio/bindings/cpp/build/vc7_1/static_library.sln
lib/portaudio/bindings/cpp/build/vc7_1/sine_example.sln
lib/portaudio/bindings/cpp/build/vc7_1/sine_example.vcproj
lib/portaudio/bindings/cpp/build/vc7_1/devs_example.sln
lib/portaudio/bindings/cpp/build/vc7_1/static_library.vcproj
lib/portaudio/bindings/cpp/build/vc7_1/devs_example.vcproj
lib/portaudio/bindings/cpp/build/gnu/configure
lib/portaudio/bindings/cpp/build/gnu/Makefile.in
lib/portaudio/bindings/cpp/build/gnu/configure.ac
lib/portaudio/bindings/cpp/build/gnu/OUT_OF_DATE
lib/portaudio/bindings/cpp/build/gnu/config.guess
lib/portaudio/bindings/cpp/build/gnu/aclocal.m4
lib/portaudio/bindings/cpp/build/gnu/config.sub
lib/portaudio/bindings/cpp/build/gnu/install-sh
lib/portaudio/bindings/cpp/build/vc6/static_library.dsp
lib/portaudio/bindings/cpp/build/vc6/devs_example.dsp
lib/portaudio/bindings/cpp/build/vc6/sine_example.dsw
lib/portaudio/bindings/cpp/build/vc6/static_library.dsw
lib/portaudio/bindings/cpp/build/vc6/devs_example.dsw
lib/portaudio/bindings/cpp/build/vc6/sine_example.dsp
lib/portaudio/bindings/cpp/README
lib/portaudio/bindings/cpp/source/portaudiocpp/SystemHostApiIterator.cxx
lib/portaudio/bindings/cpp/source/portaudiocpp/SystemDeviceIterator.cxx
lib/portaudio/bindings/cpp/source/portaudiocpp/StreamParameters.cxx
lib/portaudio/bindings/cpp/source/portaudiocpp/MemFunCallbackStream.cxx
lib/portaudio/bindings/cpp/source/portaudiocpp/System.cxx
lib/portaudio/bindings/cpp/source/portaudiocpp/CppFunCallbackStream.cxx
lib/portaudio/bindings/cpp/source/portaudiocpp/CFunCallbackStream.cxx
lib/portaudio/bindings/cpp/source/portaudiocpp/Exception.cxx
lib/portaudio/bindings/cpp/source/portaudiocpp/Stream.cxx
lib/portaudio/bindings/cpp/source/portaudiocpp/DirectionSpecificStreamParameters.cxx
lib/portaudio/bindings/cpp/source/portaudiocpp/InterfaceCallbackStream.cxx
lib/portaudio/bindings/cpp/source/portaudiocpp/Device.cxx
lib/portaudio/bindings/cpp/source/portaudiocpp/HostApi.cxx
lib/portaudio/bindings/cpp/source/portaudiocpp/BlockingStream.cxx
lib/portaudio/bindings/cpp/source/portaudiocpp/AsioDeviceAdapter.cxx
lib/portaudio/bindings/cpp/source/portaudiocpp/CallbackStream.cxx
lib/portaudio/bindings/cpp/source/portaudiocpp/CallbackInterface.cxx
lib/portaudio/bindings/cpp/doc/Makefile.in
lib/portaudio/bindings/cpp/doc/config.doxy
lib/portaudio/bindings/cpp/doc/config.doxy.linux
lib/portaudio/bindings/cpp/doc/Makefile.am
lib/portaudio/bindings/cpp/doc/README
lib/portaudio/bindings/cpp/lib/Makefile.in
lib/portaudio/bindings/cpp/lib/Makefile.am
lib/portaudio/bindings/cpp/configure.ac
lib/portaudio/bindings/cpp/bin/Makefile.in
lib/portaudio/bindings/cpp/bin/Makefile.am
lib/portaudio/bindings/cpp/INSTALL
lib/portaudio/bindings/cpp/Makefile.am
lib/portaudio/bindings/cpp/COPYING
lib/portaudio/bindings/cpp/NEWS
lib/portaudio/bindings/cpp/aclocal.m4
lib/portaudio/build/scons/SConscript_common
lib/portaudio/build/scons/SConscript_opts
lib/portaudio/build/msvc/portaudio.sln
lib/portaudio/build/msvc/portaudio.dsw
lib/portaudio/build/msvc/portaudio.vcproj
lib/portaudio/build/msvc/portaudio.def
lib/portaudio/build/msvc/portaudio.dsp
lib/portaudio/build/msvc/readme.txt
lib/portaudio/build/dev-cpp/portaudio-static.dev
lib/portaudio/build/dev-cpp/Makefile-static
lib/portaudio/build/dev-cpp/Makefile-dll
lib/portaudio/build/dev-cpp/readme.txt
lib/portaudio/build/dev-cpp/portaudio-dll.dev
lib/portaudio/COMPILING.DARWIN
lib/portaudio/config.guess
lib/portaudio/config.sub
lib/portaudio/configure
lib/portaudio/configure.in
lib/portaudio/depcomp
lib/portaudio/doc/utils/checkfiledocs.py
lib/portaudio/doc/src/mainpage.dox
lib/portaudio/doc/src/license.dox
lib/portaudio/doc/src/srcguide.dox
lib/portaudio/Doxyfile
lib/portaudio/fixdir.bat
lib/portaudio/fixfile.bat
lib/portaudio/include/pa_mac_core.h
lib/portaudio/include/portaudio.h
lib/portaudio/include/pa_asio.h
lib/portaudio/include/pa_linux_alsa.h
lib/portaudio/include/pa_win_wmme.h
lib/portaudio/index.html
lib/portaudio/install-sh
lib/portaudio/LICENSE.txt
lib/portaudio/ltmain.sh
lib/portaudio/Makefile
lib/portaudio/Makefile.accordeur
lib/portaudio/Makefile.darwin
lib/portaudio/Makefile.in
lib/portaudio/missing
lib/portaudio/pablio/test_rw_echo.c
lib/portaudio/pablio/ringbuffer.h
lib/portaudio/pablio/test_w_saw.c
lib/portaudio/pablio/pablio.def
lib/portaudio/pablio/test_w_saw8.c
lib/portaudio/pablio/pablio.c
lib/portaudio/pablio/test_rw.c
lib/portaudio/pablio/ringbuffer.c
lib/portaudio/pablio/README.txt
lib/portaudio/pablio/pablio.h
lib/portaudio/portaudio-2.0.pc.in
lib/portaudio/README.txt
lib/portaudio/SConstruct
lib/portaudio/src/os/unix/pa_unix_util.c
lib/portaudio/src/os/unix/pa_unix_util.h
lib/portaudio/src/os/unix/pa_unix_hostapis.c
lib/portaudio/src/os/unix/pa_unix_hostapis.o
lib/portaudio/src/os/unix/pa_unix_util.o
lib/portaudio/src/os/mac_osx/pa_mac_hostapis.c
lib/portaudio/src/os/win/pa_win_util.c
lib/portaudio/src/os/win/pa_x86_plain_converters.c
lib/portaudio/src/os/win/pa_win_hostapis.c
lib/portaudio/src/os/win/pa_x86_plain_converters.h
lib/portaudio/src/hostapi/alsa/pa_linux_alsa.c
lib/portaudio/src/hostapi/alsa/pa_linux_alsa.o
lib/portaudio/src/hostapi/oss/recplay.c
lib/portaudio/src/hostapi/oss/low_latency_tip.txt
lib/portaudio/src/hostapi/oss/pa_unix_oss.c
lib/portaudio/src/hostapi/oss/pa_unix_oss.o
lib/portaudio/src/hostapi/wasapi/pa_win_wasapi.cpp
lib/portaudio/src/hostapi/wdmks/pa_win_wdmks.c
lib/portaudio/src/hostapi/wdmks/readme.txt
lib/portaudio/src/hostapi/wmme/pa_win_wmme.c
lib/portaudio/src/hostapi/jack/pa_jack.c
lib/portaudio/src/hostapi/jack/pa_jack.o
lib/portaudio/src/hostapi/coreaudio/pa_mac_core.c
lib/portaudio/src/hostapi/coreaudio/ringbuffer.h
lib/portaudio/src/hostapi/coreaudio/pa_mac_core_blocking.c
lib/portaudio/src/hostapi/coreaudio/notes.txt
lib/portaudio/src/hostapi/coreaudio/ringbuffer.c
lib/portaudio/src/hostapi/coreaudio/pa_mac_core_utilities.c
lib/portaudio/src/hostapi/coreaudio/pa_mac_core_blocking.h
lib/portaudio/src/hostapi/coreaudio/pa_mac_core_utilities.h
lib/portaudio/src/hostapi/coreaudio/pa_mac_core_old.c
lib/portaudio/src/hostapi/coreaudio/pa_mac_core_internal.h
lib/portaudio/src/hostapi/asio/ASIO-README.txt
lib/portaudio/src/hostapi/asio/Pa_ASIO.pdf
lib/portaudio/src/hostapi/asio/Callback_adaptation_.pdf
lib/portaudio/src/hostapi/asio/iasiothiscallresolver.h
lib/portaudio/src/hostapi/asio/pa_asio.cpp
lib/portaudio/src/hostapi/asio/iasiothiscallresolver.cpp
lib/portaudio/src/hostapi/dsound/pa_win_ds_dynlink.h
lib/portaudio/src/hostapi/dsound/pa_win_ds.c
lib/portaudio/src/hostapi/dsound/pa_win_ds_dynlink.c
lib/portaudio/src/hostapi/asihpi/pa_linux_asihpi.c
lib/portaudio/src/common/pa_skeleton.c
lib/portaudio/src/common/pa_process.c
lib/portaudio/src/common/pa_dither.c
lib/portaudio/src/common/pa_util.h
lib/portaudio/src/common/pa_process.h
lib/portaudio/src/common/pa_allocation.c
lib/portaudio/src/common/pa_dither.h
lib/portaudio/src/common/pa_converters.c
lib/portaudio/src/common/pa_cpuload.c
lib/portaudio/src/common/pa_front.c
lib/portaudio/src/common/pa_debugprint.c
lib/portaudio/src/common/pa_allocation.h
lib/portaudio/src/common/pa_stream.c
lib/portaudio/src/common/pa_endianness.h
lib/portaudio/src/common/pa_cpuload.h
lib/portaudio/src/common/pa_trace.c
lib/portaudio/src/common/pa_converters.h
lib/portaudio/src/common/pa_stream.h
lib/portaudio/src/common/pa_debugprint.h
lib/portaudio/src/common/pa_trace.h
lib/portaudio/src/common/pa_hostapi.h
lib/portaudio/src/common/pa_types.h
lib/portaudio/src/common/pa_allocation.o
lib/portaudio/src/common/pa_converters.o
lib/portaudio/src/common/pa_cpuload.o
lib/portaudio/src/common/pa_dither.o
lib/portaudio/src/common/pa_front.o
lib/portaudio/src/common/pa_process.o
lib/portaudio/src/common/pa_skeleton.o
lib/portaudio/src/common/pa_stream.o
lib/portaudio/src/common/pa_trace.o
lib/portaudio/src/SConscript
lib/portaudio/test/patest_toomanysines.c
lib/portaudio/test/debug_dither_calc.c
lib/portaudio/test/patest_longsine.c
lib/portaudio/test/debug_sine_amp.c
lib/portaudio/test/paqa_devs.c
lib/portaudio/test/patest_stop.c
lib/portaudio/test/patest_maxsines.c
lib/portaudio/test/patest_sine_formats.c
lib/portaudio/test/patest_leftright.c
lib/portaudio/test/patest_in_overflow.c
lib/portaudio/test/patest_read_write_wire.c
lib/portaudio/test/patest_out_underflow.c
lib/portaudio/test/patest_sine.c
lib/portaudio/test/patest_latency.c
lib/portaudio/test/patest1.c
lib/portaudio/test/pa_devs.c
lib/portaudio/test/patest_start_stop.c
lib/portaudio/test/patest_stop_playout.c
lib/portaudio/test/patest_many.c
lib/portaudio/test/patest_underflow.c
lib/portaudio/test/debug_multi_in.c
lib/portaudio/test/patest_wire.c
lib/portaudio/test/debug_multi_out.c
lib/portaudio/test/debug_record_reuse.c
lib/portaudio/test/patest_two_rates.c
lib/portaudio/test/patest_mono.c
lib/portaudio/test/patest_multi_sine.c
lib/portaudio/test/patest_buffer.c
lib/portaudio/test/debug_dual.c
lib/portaudio/test/debug_sine_formats.c
lib/portaudio/test/patest_sine_time.c
lib/portaudio/test/patest_mono_asio_channel_select.c
lib/portaudio/test/patest_sync.c
lib/portaudio/test/patest_hang.c
lib/portaudio/test/patest_ringmix.c
lib/portaudio/test/patest_record.c
lib/portaudio/test/patest_dither.c
lib/portaudio/test/patest_timing.c
lib/portaudio/test/debug_sine.c
lib/portaudio/test/pa_minlat.c
lib/portaudio/test/debug_test1.c
lib/portaudio/test/patest_sine8.c
lib/portaudio/test/patest_clip.c
lib/portaudio/test/patest_write_stop.c
lib/portaudio/test/patest_saw.c
lib/portaudio/test/paqa_errs.c
lib/portaudio/test/pa_fuzz.c
lib/portaudio/test/debug_convert.c
lib/portaudio/test/patest_pink.c
lib/portaudio/test/debug_record.c
lib/portaudio/test/patest_callbackstop.c
lib/portaudio/test/debug_srate.c
lib/portaudio/test/patest_write_sine.c
lib/portaudio/test/patest_read_record.c
lib/portaudio/test/README.txt
lib/portaudio/test/patest_prime.c
lib/portaudio/testcvs/changeme.txt
lib/portaudio/V19-devel-readme.txt
lib/portaudio/config.log
lib/portaudio/lib/libportaudio.a
lib/portaudio/lib-stamp
lib/portaudio/libtool
lib/portaudio/config.status
lib/portaudio/portaudio-2.0.pc
